Performing C SOURCE FILE Test CMAKE_HAVE_LIBC_PTHREAD failed with the following output:
Change Dir: /home/fabreezy/helib_demo/CMakeFiles/CMakeTmp

Run Build Command(s):/usr/bin/gmake cmTC_e8d42/fast && /usr/bin/gmake  -f CMakeFiles/cmTC_e8d42.dir/build.make CMakeFiles/cmTC_e8d42.dir/build
gmake[1]: Entering directory '/home/fabreezy/helib_demo/CMakeFiles/CMakeTmp'
Building C object CMakeFiles/cmTC_e8d42.dir/src.c.o
/usr/bin/cc   -DCMAKE_HAVE_LIBC_PTHREAD -o CMakeFiles/cmTC_e8d42.dir/src.c.o -c /home/fabreezy/helib_demo/CMakeFiles/CMakeTmp/src.c
Linking C executable cmTC_e8d42
/usr/bin/cmake -E cmake_link_script CMakeFiles/cmTC_e8d42.dir/link.txt --verbose=1
/usr/bin/cc  -DCMAKE_HAVE_LIBC_PTHREAD CMakeFiles/cmTC_e8d42.dir/src.c.o -o cmTC_e8d42 
/usr/bin/ld: CMakeFiles/cmTC_e8d42.dir/src.c.o: in function `main':
src.c:(.text+0x2f): undefined reference to `pthread_create'
/usr/bin/ld: src.c:(.text+0x3b): undefined reference to `pthread_detach'
/usr/bin/ld: src.c:(.text+0x47): undefined reference to `pthread_cancel'
/usr/bin/ld: src.c:(.text+0x58): undefined reference to `pthread_join'
collect2: error: ld returned 1 exit status
gmake[1]: *** [CMakeFiles/cmTC_e8d42.dir/build.make:106: cmTC_e8d42] Error 1
gmake[1]: Leaving directory '/home/fabreezy/helib_demo/CMakeFiles/CMakeTmp'
gmake: *** [Makefile:140: cmTC_e8d42/fast] Error 2


Source file was:
#include <pthread.h>

void* test_func(void* data)
{
  return data;
}

int main(void)
{
  pthread_t thread;
  pthread_create(&thread, NULL, test_func, NULL);
  pthread_detach(thread);
  pthread_cancel(thread);
  pthread_join(thread, NULL);
  pthread_atfork(NULL, NULL, NULL);
  pthread_exit(NULL);

  return 0;
}

Determining if the function pthread_create exists in the pthreads failed with the following output:
Change Dir: /home/fabreezy/helib_demo/CMakeFiles/CMakeTmp

Run Build Command(s):/usr/bin/gmake cmTC_d76d5/fast && /usr/bin/gmake  -f CMakeFiles/cmTC_d76d5.dir/build.make CMakeFiles/cmTC_d76d5.dir/build
gmake[1]: Entering directory '/home/fabreezy/helib_demo/CMakeFiles/CMakeTmp'
Building C object CMakeFiles/cmTC_d76d5.dir/CheckFunctionExists.c.o
/usr/bin/cc   -DCHECK_FUNCTION_EXISTS=pthread_create -o CMakeFiles/cmTC_d76d5.dir/CheckFunctionExists.c.o -c /usr/share/cmake-3.18/Modules/CheckFunctionExists.c
Linking C executable cmTC_d76d5
/usr/bin/cmake -E cmake_link_script CMakeFiles/cmTC_d76d5.dir/link.txt --verbose=1
/usr/bin/cc  -DCHECK_FUNCTION_EXISTS=pthread_create CMakeFiles/cmTC_d76d5.dir/CheckFunctionExists.c.o -o cmTC_d76d5  -lpthreads 
/usr/bin/ld: cannot find -lpthreads
collect2: error: ld returned 1 exit status
gmake[1]: *** [CMakeFiles/cmTC_d76d5.dir/build.make:106: cmTC_d76d5] Error 1
gmake[1]: Leaving directory '/home/fabreezy/helib_demo/CMakeFiles/CMakeTmp'
gmake: *** [Makefile:140: cmTC_d76d5/fast] Error 2



Performing C SOURCE FILE Test CMAKE_HAVE_LIBC_PTHREAD failed with the following output:
Change Dir: /home/fabreezy/Documents/Projects/helib_demo/CMakeFiles/CMakeTmp

Run Build Command(s):/usr/bin/gmake cmTC_6db0e/fast && /usr/bin/gmake  -f CMakeFiles/cmTC_6db0e.dir/build.make CMakeFiles/cmTC_6db0e.dir/build
gmake[1]: Entering directory '/home/fabreezy/Documents/Projects/helib_demo/CMakeFiles/CMakeTmp'
Building C object CMakeFiles/cmTC_6db0e.dir/src.c.o
/usr/bin/cc   -DCMAKE_HAVE_LIBC_PTHREAD -o CMakeFiles/cmTC_6db0e.dir/src.c.o -c /home/fabreezy/Documents/Projects/helib_demo/CMakeFiles/CMakeTmp/src.c
Linking C executable cmTC_6db0e
/usr/bin/cmake -E cmake_link_script CMakeFiles/cmTC_6db0e.dir/link.txt --verbose=1
/usr/bin/cc  -DCMAKE_HAVE_LIBC_PTHREAD CMakeFiles/cmTC_6db0e.dir/src.c.o -o cmTC_6db0e 
/usr/bin/ld: CMakeFiles/cmTC_6db0e.dir/src.c.o: in function `main':
src.c:(.text+0x2f): undefined reference to `pthread_create'
/usr/bin/ld: src.c:(.text+0x3b): undefined reference to `pthread_detach'
/usr/bin/ld: src.c:(.text+0x47): undefined reference to `pthread_cancel'
/usr/bin/ld: src.c:(.text+0x58): undefined reference to `pthread_join'
collect2: error: ld returned 1 exit status
gmake[1]: *** [CMakeFiles/cmTC_6db0e.dir/build.make:106: cmTC_6db0e] Error 1
gmake[1]: Leaving directory '/home/fabreezy/Documents/Projects/helib_demo/CMakeFiles/CMakeTmp'
gmake: *** [Makefile:140: cmTC_6db0e/fast] Error 2


Source file was:
#include <pthread.h>

void* test_func(void* data)
{
  return data;
}

int main(void)
{
  pthread_t thread;
  pthread_create(&thread, NULL, test_func, NULL);
  pthread_detach(thread);
  pthread_cancel(thread);
  pthread_join(thread, NULL);
  pthread_atfork(NULL, NULL, NULL);
  pthread_exit(NULL);

  return 0;
}

Determining if the function pthread_create exists in the pthreads failed with the following output:
Change Dir: /home/fabreezy/Documents/Projects/helib_demo/CMakeFiles/CMakeTmp

Run Build Command(s):/usr/bin/gmake cmTC_86afc/fast && /usr/bin/gmake  -f CMakeFiles/cmTC_86afc.dir/build.make CMakeFiles/cmTC_86afc.dir/build
gmake[1]: Entering directory '/home/fabreezy/Documents/Projects/helib_demo/CMakeFiles/CMakeTmp'
Building C object CMakeFiles/cmTC_86afc.dir/CheckFunctionExists.c.o
/usr/bin/cc   -DCHECK_FUNCTION_EXISTS=pthread_create -o CMakeFiles/cmTC_86afc.dir/CheckFunctionExists.c.o -c /usr/share/cmake-3.18/Modules/CheckFunctionExists.c
Linking C executable cmTC_86afc
/usr/bin/cmake -E cmake_link_script CMakeFiles/cmTC_86afc.dir/link.txt --verbose=1
/usr/bin/cc  -DCHECK_FUNCTION_EXISTS=pthread_create CMakeFiles/cmTC_86afc.dir/CheckFunctionExists.c.o -o cmTC_86afc  -lpthreads 
/usr/bin/ld: cannot find -lpthreads
collect2: error: ld returned 1 exit status
gmake[1]: *** [CMakeFiles/cmTC_86afc.dir/build.make:106: cmTC_86afc] Error 1
gmake[1]: Leaving directory '/home/fabreezy/Documents/Projects/helib_demo/CMakeFiles/CMakeTmp'
gmake: *** [Makefile:140: cmTC_86afc/fast] Error 2



Performing C SOURCE FILE Test CMAKE_HAVE_LIBC_PTHREAD failed with the following output:
Change Dir: /home/fabreezy/helib_demo/CMakeFiles/CMakeTmp

Run Build Command(s):/usr/bin/gmake cmTC_c3800/fast && /usr/bin/gmake  -f CMakeFiles/cmTC_c3800.dir/build.make CMakeFiles/cmTC_c3800.dir/build
gmake[1]: Entering directory '/home/fabreezy/helib_demo/CMakeFiles/CMakeTmp'
Building C object CMakeFiles/cmTC_c3800.dir/src.c.o
/usr/bin/cc   -DCMAKE_HAVE_LIBC_PTHREAD -o CMakeFiles/cmTC_c3800.dir/src.c.o -c /home/fabreezy/helib_demo/CMakeFiles/CMakeTmp/src.c
Linking C executable cmTC_c3800
/usr/bin/cmake -E cmake_link_script CMakeFiles/cmTC_c3800.dir/link.txt --verbose=1
/usr/bin/cc  -DCMAKE_HAVE_LIBC_PTHREAD CMakeFiles/cmTC_c3800.dir/src.c.o -o cmTC_c3800 
/usr/bin/ld: CMakeFiles/cmTC_c3800.dir/src.c.o: in function `main':
src.c:(.text+0x2f): undefined reference to `pthread_create'
/usr/bin/ld: src.c:(.text+0x3b): undefined reference to `pthread_detach'
/usr/bin/ld: src.c:(.text+0x47): undefined reference to `pthread_cancel'
/usr/bin/ld: src.c:(.text+0x58): undefined reference to `pthread_join'
collect2: error: ld returned 1 exit status
gmake[1]: *** [CMakeFiles/cmTC_c3800.dir/build.make:106: cmTC_c3800] Error 1
gmake[1]: Leaving directory '/home/fabreezy/helib_demo/CMakeFiles/CMakeTmp'
gmake: *** [Makefile:140: cmTC_c3800/fast] Error 2


Source file was:
#include <pthread.h>

void* test_func(void* data)
{
  return data;
}

int main(void)
{
  pthread_t thread;
  pthread_create(&thread, NULL, test_func, NULL);
  pthread_detach(thread);
  pthread_cancel(thread);
  pthread_join(thread, NULL);
  pthread_atfork(NULL, NULL, NULL);
  pthread_exit(NULL);

  return 0;
}

Determining if the function pthread_create exists in the pthreads failed with the following output:
Change Dir: /home/fabreezy/helib_demo/CMakeFiles/CMakeTmp

Run Build Command(s):/usr/bin/gmake cmTC_91455/fast && /usr/bin/gmake  -f CMakeFiles/cmTC_91455.dir/build.make CMakeFiles/cmTC_91455.dir/build
gmake[1]: Entering directory '/home/fabreezy/helib_demo/CMakeFiles/CMakeTmp'
Building C object CMakeFiles/cmTC_91455.dir/CheckFunctionExists.c.o
/usr/bin/cc   -DCHECK_FUNCTION_EXISTS=pthread_create -o CMakeFiles/cmTC_91455.dir/CheckFunctionExists.c.o -c /usr/share/cmake-3.18/Modules/CheckFunctionExists.c
Linking C executable cmTC_91455
/usr/bin/cmake -E cmake_link_script CMakeFiles/cmTC_91455.dir/link.txt --verbose=1
/usr/bin/cc  -DCHECK_FUNCTION_EXISTS=pthread_create CMakeFiles/cmTC_91455.dir/CheckFunctionExists.c.o -o cmTC_91455  -lpthreads 
/usr/bin/ld: cannot find -lpthreads
collect2: error: ld returned 1 exit status
gmake[1]: *** [CMakeFiles/cmTC_91455.dir/build.make:106: cmTC_91455] Error 1
gmake[1]: Leaving directory '/home/fabreezy/helib_demo/CMakeFiles/CMakeTmp'
gmake: *** [Makefile:140: cmTC_91455/fast] Error 2



Performing C SOURCE FILE Test CMAKE_HAVE_LIBC_PTHREAD failed with the following output:
Change Dir: /home/fabreezy/Documents/Projects/helib_demo/CMakeFiles/CMakeTmp

Run Build Command(s):/usr/bin/gmake cmTC_50e3e/fast && /usr/bin/gmake  -f CMakeFiles/cmTC_50e3e.dir/build.make CMakeFiles/cmTC_50e3e.dir/build
gmake[1]: Entering directory '/home/fabreezy/Documents/Projects/helib_demo/CMakeFiles/CMakeTmp'
Building C object CMakeFiles/cmTC_50e3e.dir/src.c.o
/usr/bin/cc   -DCMAKE_HAVE_LIBC_PTHREAD -o CMakeFiles/cmTC_50e3e.dir/src.c.o -c /home/fabreezy/Documents/Projects/helib_demo/CMakeFiles/CMakeTmp/src.c
Linking C executable cmTC_50e3e
/usr/bin/cmake -E cmake_link_script CMakeFiles/cmTC_50e3e.dir/link.txt --verbose=1
/usr/bin/cc  -DCMAKE_HAVE_LIBC_PTHREAD CMakeFiles/cmTC_50e3e.dir/src.c.o -o cmTC_50e3e 
/usr/bin/ld: CMakeFiles/cmTC_50e3e.dir/src.c.o: in function `main':
src.c:(.text+0x2f): undefined reference to `pthread_create'
/usr/bin/ld: src.c:(.text+0x3b): undefined reference to `pthread_detach'
/usr/bin/ld: src.c:(.text+0x47): undefined reference to `pthread_cancel'
/usr/bin/ld: src.c:(.text+0x58): undefined reference to `pthread_join'
collect2: error: ld returned 1 exit status
gmake[1]: *** [CMakeFiles/cmTC_50e3e.dir/build.make:106: cmTC_50e3e] Error 1
gmake[1]: Leaving directory '/home/fabreezy/Documents/Projects/helib_demo/CMakeFiles/CMakeTmp'
gmake: *** [Makefile:140: cmTC_50e3e/fast] Error 2


Source file was:
#include <pthread.h>

void* test_func(void* data)
{
  return data;
}

int main(void)
{
  pthread_t thread;
  pthread_create(&thread, NULL, test_func, NULL);
  pthread_detach(thread);
  pthread_cancel(thread);
  pthread_join(thread, NULL);
  pthread_atfork(NULL, NULL, NULL);
  pthread_exit(NULL);

  return 0;
}

Determining if the function pthread_create exists in the pthreads failed with the following output:
Change Dir: /home/fabreezy/Documents/Projects/helib_demo/CMakeFiles/CMakeTmp

Run Build Command(s):/usr/bin/gmake cmTC_9a17f/fast && /usr/bin/gmake  -f CMakeFiles/cmTC_9a17f.dir/build.make CMakeFiles/cmTC_9a17f.dir/build
gmake[1]: Entering directory '/home/fabreezy/Documents/Projects/helib_demo/CMakeFiles/CMakeTmp'
Building C object CMakeFiles/cmTC_9a17f.dir/CheckFunctionExists.c.o
/usr/bin/cc   -DCHECK_FUNCTION_EXISTS=pthread_create -o CMakeFiles/cmTC_9a17f.dir/CheckFunctionExists.c.o -c /usr/share/cmake-3.18/Modules/CheckFunctionExists.c
Linking C executable cmTC_9a17f
/usr/bin/cmake -E cmake_link_script CMakeFiles/cmTC_9a17f.dir/link.txt --verbose=1
/usr/bin/cc  -DCHECK_FUNCTION_EXISTS=pthread_create CMakeFiles/cmTC_9a17f.dir/CheckFunctionExists.c.o -o cmTC_9a17f  -lpthreads 
/usr/bin/ld: cannot find -lpthreads
collect2: error: ld returned 1 exit status
gmake[1]: *** [CMakeFiles/cmTC_9a17f.dir/build.make:106: cmTC_9a17f] Error 1
gmake[1]: Leaving directory '/home/fabreezy/Documents/Projects/helib_demo/CMakeFiles/CMakeTmp'
gmake: *** [Makefile:140: cmTC_9a17f/fast] Error 2



